<?xml version="1.0" encoding="UTF-8"?>
<testng-results skipped="0" failed="0" ignored="0" total="1" passed="1">
  <reporter-output>
  </reporter-output>
  <suite name="Default suite" duration-ms="553" started-at="2018-07-02T00:26:20Z" finished-at="2018-07-02T00:26:21Z">
    <groups>
      <group name="cucumber">
        <method signature="AbstractTestNGCucumberTests.feature(cucumber.api.testng.CucumberFeatureWrapper)[pri:0, instance:runner.RunCukesTest@52a86356]" name="feature" class="cucumber.api.testng.AbstractTestNGCucumberTests"/>
      </group> <!-- cucumber -->
    </groups>
    <test name="Default test" duration-ms="553" started-at="2018-07-02T00:26:20Z" finished-at="2018-07-02T00:26:21Z">
      <class name="runner.RunCukesTest">
        <test-method status="PASS" signature="setUpClass()[pri:0, instance:runner.RunCukesTest@52a86356]" name="setUpClass" is-config="true" duration-ms="365" started-at="2018-07-02T00:26:20Z" finished-at="2018-07-02T00:26:21Z">
          <reporter-output>
          </reporter-output>
        </test-method> <!-- setUpClass -->
        <test-method status="PASS" signature="feature(cucumber.api.testng.CucumberFeatureWrapper)[pri:0, instance:runner.RunCukesTest@52a86356]" name="feature" duration-ms="44" started-at="2018-07-02T00:26:21Z" description="Runs Cucumber Feature" data-provider="features" finished-at="2018-07-02T00:26:21Z">
          <params>
            <param index="0">
              <value>
                <![CDATA[Selenium Busca]]>
              </value>
            </param>
          </params>
          <reporter-output>
          </reporter-output>
        </test-method> <!-- feature -->
        <test-method status="PASS" signature="tearDownClass()[pri:0, instance:runner.RunCukesTest@52a86356]" name="tearDownClass" is-config="true" duration-ms="11" started-at="2018-07-02T00:26:21Z" finished-at="2018-07-02T00:26:21Z">
          <reporter-output>
          </reporter-output>
        </test-method> <!-- tearDownClass -->
      </class> <!-- runner.RunCukesTest -->
    </test> <!-- Default test -->
  </suite> <!-- Default suite -->
</testng-results>
